Compilación iniciada a las 24/06/2015 02:35:12 a. m..
     1>Proyecto "C:\Users\Alex\Desktop\Trabajo Final\Trabajo Final\Trabajo Final.vcxproj" en el nodo 2 (Build destinos).
     1>ClCompile:
         C:\Program Files (x86)\Microsoft Visual Studio 12.0\VC\bin\CL.exe /c /AI"C:\Program Files (x86)\Reference Assemblies\Microsoft\Framework\.NETFramework\v4.5\\" /AI"C:\Program Files (x86)\Windows Kits\8.1\References\CommonConfiguration\Neutral" /AI"C:\Program Files (x86)\Reference Assemblies\Microsoft\Framework\.NETFramework\v4.5\Facades\\" /Zi /clr /nologo /W3 /WX- /O2 /Oy- /D WIN32 /D NDEBUG /D _UNICODE /D UNICODE /EHa /MD /GS /fp:precise /Zc:wchar_t /Zc:forScope /Fo"Release\\" /Fd"Release\vc120.pdb" /TP /FU"C:\Program Files (x86)\Reference Assemblies\Microsoft\Framework\.NETFramework\v4.5\mscorlib.dll" /FU"C:\Program Files (x86)\Reference Assemblies\Microsoft\Framework\.NETFramework\v4.5\System.Data.dll" /FU"C:\Program Files (x86)\Reference Assemblies\Microsoft\Framework\.NETFramework\v4.5\System.dll" /FU"C:\Program Files (x86)\Reference Assemblies\Microsoft\Framework\.NETFramework\v4.5\System.Drawing.dll" /FU"C:\Program Files (x86)\Reference Assemblies\Microsoft\Framework\.NETFramework\v4.5\System.Windows.Forms.dll" /FU"C:\Program Files (x86)\Reference Assemblies\Microsoft\Framework\.NETFramework\v4.5\System.Xml.dll" /analyze- /errorReport:prompt /clr:nostdlib MyForm.cpp
         MyForm.cpp
     1>MyForm.cpp(7): warning C4829: Parámetros posiblemente incorrectos para la función main. Utilice 'int main(Platform::Array<Platform::String^>^ argv)'
       Link:
         C:\Program Files (x86)\Microsoft Visual Studio 12.0\VC\bin\link.exe /ERRORREPORT:PROMPT /OUT:"C:\Users\Alex\Desktop\Trabajo Final\Release\Trabajo Final.exe" /INCREMENTAL:NO /NOLOGO /ASSEMBLYRESOURCE:Release\TrabajoFinal.MyForm.resources /MANIFEST /MANIFESTUAC:"level='asInvoker' uiAccess='false'" /manifest:embed /DEBUG /PDB:"C:\Users\Alex\Desktop\Trabajo Final\Release\Trabajo Final.pdb" /SUBSYSTEM:WINDOWS /TLBID:1 /ENTRY:"main" /DYNAMICBASE /FIXED:NO /NXCOMPAT /MACHINE:X86 /SAFESEH Release\Arbol.obj
         Release\Casa.obj
         Release\Gimnasio.obj
         Release\Juego.obj
         Release\Lider.obj
         Release\MyForm.obj
         Release\Objeto.obj
         Release\Personaje.obj
         Release\Pokemon.obj
         "Release\.NETFramework,Version=v4.5.AssemblyAttributes.obj"
         Trabajo Final.vcxproj -> C:\Users\Alex\Desktop\Trabajo Final\Release\Trabajo Final.exe
     1>Compilación del proyecto terminada "C:\Users\Alex\Desktop\Trabajo Final\Trabajo Final\Trabajo Final.vcxproj" (Build destinos).

Compilación correcta.

Tiempo transcurrido 00:00:01.65
